14:07:34.191 [main] INFO  - Goto my account-->Click on Login.. 
14:07:34.883 [main] INFO  - Entering email and password.. 
14:07:35.559 [main] INFO  - clicked on login button...
15:21:51.876 [main] INFO  - Goto my account-->Click on Login.. 
15:21:53.135 [main] INFO  - Entering email and password.. 
15:21:54.620 [main] INFO  - clicked on login button...
15:32:55.009 [main] INFO  - Goto my account-->Click on Login.. 
15:32:55.760 [main] INFO  - Entering email and password.. 
15:32:56.517 [main] INFO  - clicked on login button...
15:44:58.490 [main] INFO  - Goto my account-->Click on Login.. 
15:44:59.375 [main] INFO  - Entering email and password.. 
15:45:00.720 [main] INFO  - clicked on login button...
11:24:02.941 [pool-3-thread-1] INFO  - Goto my account-->Click on Login.. 
11:24:03.761 [pool-3-thread-1] INFO  - Entering email and password.. 
11:24:06.101 [pool-3-thread-1] INFO  - clicked on login button...
11:25:07.956 [main] INFO  - Goto my account-->Click on Login.. 
11:25:08.604 [main] INFO  - Entering email and password.. 
11:25:09.732 [main] INFO  - clicked on login button...
11:27:34.728 [main] INFO  - Goto my account-->Click on Login.. 
11:27:35.361 [main] INFO  - Entering email and password.. 
11:27:36.283 [main] INFO  - clicked on login button...
11:28:39.062 [pool-3-thread-1] INFO  - Goto my account-->Click on Login.. 
11:28:39.709 [pool-3-thread-1] INFO  - Entering email and password.. 
11:28:41.527 [pool-3-thread-1] INFO  - clicked on login button...
11:30:58.762 [main] INFO  - Goto my account-->Click on Login.. 
11:30:59.506 [main] INFO  - Entering email and password.. 
11:31:00.817 [main] INFO  - clicked on login button...
11:32:42.541 [main] INFO  - Goto my account-->Click on Login.. 
11:32:46.118 [main] INFO  - Entering email and password.. 
11:32:47.244 [main] INFO  - clicked on login button...
11:34:08.134 [main] INFO  - Goto my account-->Click on Login.. 
11:34:08.801 [main] INFO  - Entering email and password.. 
11:34:10.471 [main] INFO  - clicked on login button...
11:45:34.561 [main] INFO  - Goto my account-->Click on Login.. 
11:45:35.241 [main] INFO  - Entering email and password.. 
11:45:36.544 [main] INFO  - clicked on login button...
11:48:32.063 [main] INFO  - Goto my account-->Click on Login.. 
11:48:32.749 [main] INFO  - Entering email and password.. 
11:48:34.206 [main] INFO  - clicked on login button...
12:19:09.362 [main] INFO  - Goto my account-->Click on Login.. 
12:19:10.371 [main] INFO  - Entering email and password.. 
12:19:11.738 [main] INFO  - clicked on login button...
12:24:14.670 [main] INFO  - Goto my account-->Click on Login.. 
12:24:15.551 [main] INFO  - Entering email and password.. 
12:24:16.857 [main] INFO  - clicked on login button...
12:25:59.705 [main] INFO  - Goto my account-->Click on Login.. 
12:26:00.443 [main] INFO  - Entering email and password.. 
12:26:01.724 [main] INFO  - clicked on login button...
12:40:21.946 [main] INFO  - Goto my account-->Click on Login.. 
12:40:22.616 [main] INFO  - Entering email and password.. 
12:40:24.212 [main] INFO  - clicked on login button...
12:48:13.135 [main] INFO  - Goto my account-->Click on Login.. 
12:48:14.187 [main] INFO  - Entering email and password.. 
12:48:15.338 [main] INFO  - clicked on login button...
07:20:02.541 [main] INFO  - Goto my account-->Click on Login.. 
07:20:03.687 [main] INFO  - Entering email and password.. 
07:20:04.885 [main] INFO  - clicked on login button...
07:26:07.255 [main] INFO  - Goto my account-->Click on Login.. 
07:26:08.073 [main] INFO  - Entering email and password.. 
07:26:08.937 [main] INFO  - clicked on login button...
07:27:45.855 [main] INFO  - Goto my account-->Click on Login.. 
07:27:46.685 [main] INFO  - Entering email and password.. 
07:27:47.506 [main] INFO  - clicked on login button...
07:42:18.774 [main] INFO  - Goto my account-->Click on Login.. 
07:42:19.621 [main] INFO  - Entering email and password.. 
07:42:20.495 [main] INFO  - clicked on login button...
07:44:30.850 [main] INFO  - Goto my account-->Click on Login.. 
07:44:31.695 [main] INFO  - Entering email and password.. 
07:44:32.578 [main] INFO  - clicked on login button...
07:46:04.249 [main] INFO  - Goto my account-->Click on Login.. 
07:46:05.043 [main] INFO  - Entering email and password.. 
07:46:05.916 [main] INFO  - clicked on login button...
07:52:55.919 [main] INFO  - Goto my account-->Click on Login.. 
07:52:56.718 [main] INFO  - Entering email and password.. 
07:52:57.593 [main] INFO  - clicked on login button...
12:34:12.054 [main] INFO  - Goto my account-->Click on Login.. 
12:34:13.276 [main] INFO  - Entering email and password.. 
12:34:14.208 [main] INFO  - clicked on login button...
12:34:27.253 [main] INFO  - Goto my account-->Click on Login.. 
12:34:28.214 [main] INFO  - Entering email and password.. 
12:34:29.107 [main] INFO  - clicked on login button...
14:07:21.967 [main] INFO  - Goto my account-->Click on Login.. 
14:07:23.444 [main] DEBUG - Parsing relationship: /xl/_rels/workbook.xml.rels
14:07:23.454 [main] DEBUG - Parsing relationship: /xl/worksheets/_rels/sheet1.xml.rels
14:07:23.456 [main] DEBUG - Parsing relationship: /_rels/.rels
14:07:23.880 [main] TRACE - Loading type system org.apache.poi.schemas.ooxml.system.ooxml
14:07:23.888 [main] TRACE - Loading type system org.apache.xmlbeans.metadata.system.sXMLCONFIG
14:07:23.888 [main] TRACE - Loading type system org.apache.xmlbeans.metadata.system.sXMLLANG
14:07:23.888 [main] TRACE - Loading type system org.apache.xmlbeans.metadata.system.sXMLSCHEMA
14:07:23.888 [main] TRACE - Loading type system org.apache.xmlbeans.metadata.system.sXMLTOOLS
14:07:23.888 [main] TRACE - Reading unresolved handles for type system org.apache.xmlbeans.metadata.system.sXMLTOOLS
14:07:23.920 [main] TRACE - Finished loading type system org.apache.xmlbeans.metadata.system.sXMLTOOLS
14:07:23.922 [main] TRACE - Reading unresolved handles for type system org.apache.xmlbeans.metadata.system.sXMLSCHEMA
14:07:23.922 [main] TRACE - Finished loading type system org.apache.xmlbeans.metadata.system.sXMLSCHEMA
14:07:23.937 [main] TRACE - Reading unresolved handles for type system org.apache.xmlbeans.metadata.system.sXMLLANG
14:07:23.937 [main] TRACE - Finished loading type system org.apache.xmlbeans.metadata.system.sXMLLANG
14:07:23.937 [main] TRACE - Reading unresolved handles for type system org.apache.xmlbeans.metadata.system.sXMLCONFIG
14:07:23.937 [main] TRACE - Finished loading type system org.apache.xmlbeans.metadata.system.sXMLCONFIG
14:07:23.945 [main] TRACE - Reading unresolved handles for type system org.apache.poi.schemas.ooxml.system.ooxml
14:07:24.058 [main] TRACE - Finished loading type system org.apache.poi.schemas.ooxml.system.ooxml
14:07:24.058 [main] TRACE - Resolving type for handle themefd26doctype
14:07:24.221 [main] TRACE - Resolving type for handle stylesheet5d8bdoctype
14:07:24.237 [main] TRACE - Resolving type for handle ctstylesheet4257type
14:07:24.244 [main] TRACE - Resolving type for handle ctfonts6623type
14:07:24.256 [main] TRACE - Resolving type for handle ctfont14d8type
14:07:24.270 [main] TRACE - Resolving type for handle ctfills2c6ftype
14:07:24.278 [main] TRACE - Resolving type for handle ctfill550ctype
14:07:24.281 [main] TRACE - Resolving type for handle ctborders0d66type
14:07:24.289 [main] TRACE - Resolving type for handle ctborderf935type
14:07:24.289 [main] TRACE - Resolving type for handle ctcellxfs1322type
14:07:24.304 [main] TRACE - Resolving type for handle ctxf97f7type
14:07:24.312 [main] TRACE - Resolving type for handle ctcellstylexfsa81ftype
14:07:24.321 [main] TRACE - Resolving type for handle ctdxfsb26atype
14:07:24.328 [main] TRACE - Resolving type for handle cttablestyles872ftype
14:07:24.344 [main] TRACE - Resolving type for handle sstf81fdoctype
14:07:24.354 [main] TRACE - Resolving type for handle ctsst44f3type
14:07:24.383 [main] TRACE - Resolving type for handle ctrsta472type
14:07:24.423 [main] DEBUG - using default POIXMLDocumentPart for http://schemas.openxmlformats.org/officeDocument/2006/relationships/printerSettings
14:07:24.423 [main] TRACE - Resolving type for handle workbookec17doctype
14:07:24.438 [main] TRACE - Resolving type for handle ctworkbook83c3type
14:07:24.458 [main] TRACE - Resolving type for handle ctsheets49fdtype
14:07:24.458 [main] TRACE - Resolving type for handle ctsheet4dbetype
14:07:24.458 [main] TRACE - Resolving type for handle strelationshipid1e94type
14:07:24.471 [main] TRACE - Resolving type for handle worksheetf539doctype
14:07:24.492 [main] TRACE - Resolving type for handle ctworksheet530dtype
14:07:24.511 [main] TRACE - Resolving type for handle ctsheetdata8408type
14:07:24.522 [main] TRACE - Resolving type for handle ctrowdd39type
14:07:24.523 [main] TRACE - Resolving type for handle ctcell842btype
14:07:24.545 [main] TRACE - Resolving type for handle stcellrefe4e0type
14:07:24.571 [main] TRACE - Resolving type for handle ctcols627ctype
14:07:24.579 [main] TRACE - Resolving type for handle ctcola95ftype
14:07:24.621 [main] TRACE - Resolving type for handle cthyperlinks6416type
14:07:24.623 [main] TRACE - Resolving type for handle cthyperlink0c85type
14:07:24.643 [main] TRACE - Resolving type for handle stxstringf179type
14:07:24.643 [main] TRACE - Resolving type for handle stcelltypebf95type
14:07:38.016 [main] INFO  - Goto my account-->Click on Login.. 
14:07:39.143 [main] DEBUG - Parsing relationship: /xl/_rels/workbook.xml.rels
14:07:39.143 [main] DEBUG - Parsing relationship: /xl/worksheets/_rels/sheet1.xml.rels
14:07:39.155 [main] DEBUG - Parsing relationship: /_rels/.rels
14:07:39.190 [main] DEBUG - using default POIXMLDocumentPart for http://schemas.openxmlformats.org/officeDocument/2006/relationships/printerSettings
